<?xml version="1.0" encoding="UTF-8"?>
<!-- Generated by org.testng.reporters.JUnitReportReporter -->
<testsuite ignored="0" hostname="DESKTOP-GAP7KA5" failures="0" tests="1" name="testcases.RegisterAccount" time="25.004" errors="0" timestamp="14 Nov 2021 06:54:46 GMT" skipped="0">
  <testcase classname="testcases.RegisterAccount" name="RegisterAccountTest" time="25.004"/>
</testsuite> <!-- testcases.RegisterAccount -->
