<?xml version="1.0" encoding="UTF-8"?>
<!-- Generated by org.testng.reporters.JUnitReportReporter -->
<testsuite ignored="0" hostname="DESKTOP-GAP7KA5" failures="0" tests="1" name="testcases.SearchProduct" time="43.038" errors="0" timestamp="14 Nov 2021 07:12:21 GMT" skipped="0">
  <testcase classname="testcases.SearchProduct" name="SearchProductTest" time="43.038"/>
</testsuite> <!-- testcases.SearchProduct -->
